This file contains any messages produced by compilers while
running configure, to aid debugging if configure makes a mistake.

It was created by configure, which was
generated by GNU Autoconf 2.59.  Invocation command line was

  $ ./configure 

## --------- ##
## Platform. ##
## --------- ##

hostname = alarmpi
uname -m = armv6l
uname -r = 3.2.27-18-ARCH+
uname -s = Linux
uname -v = #1 PREEMPT Fri Dec 21 14:18:42 UTC 2012

/usr/bin/uname -p = unknown
/bin/uname -X     = unknown

/bin/arch              = unknown
/usr/bin/arch -k       = unknown
/usr/convex/getsysinfo = unknown
hostinfo               = unknown
/bin/machine           = unknown
/usr/bin/oslevel       = unknown
/bin/universe          = unknown

PATH: /usr/local/bin
PATH: /usr/bin
PATH: /bin
PATH: /usr/local/sbin
PATH: /usr/sbin
PATH: /sbin
PATH: /usr/bin/core_perl


## ----------- ##
## Core tests. ##
## ----------- ##

configure:1377: checking for gcc
configure:1403: result: gcc
configure:1647: checking for C compiler version
configure:1650: gcc --version </dev/null >&5
gcc (GCC) 4.7.2
Copyright (C) 2012 Free Software Foundation, Inc.
This is free software; see the source for copying conditions.  There is NO
warranty; not even for MERCHANTABILITY or FITNESS FOR A PARTICULAR PURPOSE.

configure:1653: $? = 0
configure:1655: gcc -v </dev/null >&5
Using built-in specs.
COLLECT_GCC=gcc
COLLECT_LTO_WRAPPER=/usr/lib/gcc/armv6l-unknown-linux-gnueabihf/4.7.2/lto-wrapper
Target: armv6l-unknown-linux-gnueabihf
Configured with: /build/src/gcc-4.7.2/configure --prefix=/usr --libdir=/usr/lib --libexecdir=/usr/lib --mandir=/usr/share/man --infodir=/usr/share/info --with-bugurl=https://bugs.archlinux.org/ --enable-languages=c,c++,fortran,lto,objc,obj-c++ --enable-shared --enable-threads=posix --with-system-zlib --enable-__cxa_atexit --disable-libunwind-exceptions --enable-clocale=gnu --disable-libstdcxx-pch --enable-libstdcxx-time --enable-gnu-unique-object --enable-linker-build-id --with-ppl --enable-cloog-backend=isl --disable-ppl-version-check --disable-cloog-version-check --enable-lto --enable-gold --enable-ld=default --enable-plugin --with-plugin-ld=ld.gold --with-linker-hash-style=gnu --disable-multilib --disable-libssp --disable-build-with-cxx --disable-build-poststage1-with-cxx --enable-checking=release --host=armv6l-unknown-linux-gnueabihf --build=armv6l-unknown-linux-gnueabihf --with-arch=armv6 --with-float=hard --with-fpu=vfp
Thread model: posix
gcc version 4.7.2 (GCC) 
configure:1658: $? = 0
configure:1660: gcc -V </dev/null >&5
gcc: error: unrecognized command line option '-V'
gcc: fatal error: no input files
compilation terminated.
configure:1663: $? = 1
configure:1686: checking for C compiler default output file name
configure:1689: gcc -O -Wall -O -Wall -O -Wall -O -Wall -O -Wall -O -Wall -O -Wall -O -Wall            conftest.c  >&5
configure:1692: $? = 0
configure:1738: result: a.out
configure:1743: checking whether the C compiler works
configure:1749: ./a.out
configure:1752: $? = 0
configure:1769: result: yes
configure:1776: checking whether we are cross compiling
configure:1778: result: no
configure:1781: checking for suffix of executables
configure:1783: gcc -o conftest -O -Wall -O -Wall -O -Wall -O -Wall -O -Wall -O -Wall -O -Wall -O -Wall            conftest.c  >&5
configure:1786: $? = 0
configure:1811: result: 
configure:1817: checking for suffix of object files
configure:1838: gcc -c -O -Wall -O -Wall -O -Wall -O -Wall -O -Wall -O -Wall -O -Wall -O -Wall           conftest.c >&5
configure:1841: $? = 0
configure:1863: result: o
configure:1867: checking whether we are using the GNU C compiler
configure:1891: gcc -c -O -Wall -O -Wall -O -Wall -O -Wall -O -Wall -O -Wall -O -Wall -O -Wall           conftest.c >&5
configure:1897: $? = 0
configure:1900: test -z 			 || test ! -s conftest.err
configure:1903: $? = 0
configure:1906: test -s conftest.o
configure:1909: $? = 0
configure:1922: result: yes
configure:1928: checking whether gcc accepts -g
configure:1949: gcc -c -g  conftest.c >&5
configure:1955: $? = 0
configure:1958: test -z 			 || test ! -s conftest.err
configure:1961: $? = 0
configure:1964: test -s conftest.o
configure:1967: $? = 0
configure:1978: result: yes
configure:1995: checking for gcc option to accept ANSI C
configure:2065: gcc  -c -O -Wall -O -Wall -O -Wall -O -Wall -O -Wall -O -Wall -O -Wall -O -Wall           conftest.c >&5
configure:2071: $? = 0
configure:2074: test -z 			 || test ! -s conftest.err
configure:2077: $? = 0
configure:2080: test -s conftest.o
configure:2083: $? = 0
configure:2101: result: none needed
configure:2119: gcc -c -O -Wall -O -Wall -O -Wall -O -Wall -O -Wall -O -Wall -O -Wall -O -Wall           conftest.c >&5
conftest.c:2:3: error: unknown type name 'choke'
conftest.c:2:3: error: expected '=', ',', ';', 'asm' or '__attribute__' at end of input
configure:2125: $? = 1
configure: failed program was:
| #ifndef __cplusplus
|   choke me
| #endif
configure:2307: checking for g++
configure:2323: found /usr/bin/g++
configure:2333: result: g++
configure:2349: checking for C++ compiler version
configure:2352: g++ --version </dev/null >&5
g++ (GCC) 4.7.2
Copyright (C) 2012 Free Software Foundation, Inc.
This is free software; see the source for copying conditions.  There is NO
warranty; not even for MERCHANTABILITY or FITNESS FOR A PARTICULAR PURPOSE.

configure:2355: $? = 0
configure:2357: g++ -v </dev/null >&5
Using built-in specs.
COLLECT_GCC=g++
COLLECT_LTO_WRAPPER=/usr/lib/gcc/armv6l-unknown-linux-gnueabihf/4.7.2/lto-wrapper
Target: armv6l-unknown-linux-gnueabihf
Configured with: /build/src/gcc-4.7.2/configure --prefix=/usr --libdir=/usr/lib --libexecdir=/usr/lib --mandir=/usr/share/man --infodir=/usr/share/info --with-bugurl=https://bugs.archlinux.org/ --enable-languages=c,c++,fortran,lto,objc,obj-c++ --enable-shared --enable-threads=posix --with-system-zlib --enable-__cxa_atexit --disable-libunwind-exceptions --enable-clocale=gnu --disable-libstdcxx-pch --enable-libstdcxx-time --enable-gnu-unique-object --enable-linker-build-id --with-ppl --enable-cloog-backend=isl --disable-ppl-version-check --disable-cloog-version-check --enable-lto --enable-gold --enable-ld=default --enable-plugin --with-plugin-ld=ld.gold --with-linker-hash-style=gnu --disable-multilib --disable-libssp --disable-build-with-cxx --disable-build-poststage1-with-cxx --enable-checking=release --host=armv6l-unknown-linux-gnueabihf --build=armv6l-unknown-linux-gnueabihf --with-arch=armv6 --with-float=hard --with-fpu=vfp
Thread model: posix
gcc version 4.7.2 (GCC) 
configure:2360: $? = 0
configure:2362: g++ -V </dev/null >&5
g++: error: unrecognized command line option '-V'
g++: fatal error: no input files
compilation terminated.
configure:2365: $? = 1
configure:2368: checking whether we are using the GNU C++ compiler
configure:2392: g++ -c   conftest.cc >&5
configure:2398: $? = 0
configure:2401: test -z 			 || test ! -s conftest.err
configure:2404: $? = 0
configure:2407: test -s conftest.o
configure:2410: $? = 0
configure:2423: result: yes
configure:2429: checking whether g++ accepts -g
configure:2450: g++ -c -g  conftest.cc >&5
configure:2456: $? = 0
configure:2459: test -z 			 || test ! -s conftest.err
configure:2462: $? = 0
configure:2465: test -s conftest.o
configure:2468: $? = 0
configure:2479: result: yes
configure:2521: g++ -c   conftest.cc >&5
configure:2527: $? = 0
configure:2530: test -z 			 || test ! -s conftest.err
configure:2533: $? = 0
configure:2536: test -s conftest.o
configure:2539: $? = 0
configure:2565: g++ -c   conftest.cc >&5
conftest.cc: In function 'int main()':
conftest.cc:14:9: error: 'exit' was not declared in this scope
configure:2571: $? = 1
configure: failed program was:
| /* confdefs.h.  */
| 
| #define PACKAGE_NAME ""
| #define PACKAGE_TARNAME ""
| #define PACKAGE_VERSION ""
| #define PACKAGE_STRING ""
| #define PACKAGE_BUGREPORT ""
| #define MXML_VERSION "Mini-XML v2.2.2"
| /* end confdefs.h.  */
| 
| int
| main ()
| {
| exit (42);
|   ;
|   return 0;
| }
configure:2521: g++ -c   conftest.cc >&5
conftest.cc:10:40: error: 'void std::exit(int)' should have been declared inside 'std'
configure:2527: $? = 1
configure: failed program was:
| /* confdefs.h.  */
| 
| #define PACKAGE_NAME ""
| #define PACKAGE_TARNAME ""
| #define PACKAGE_VERSION ""
| #define PACKAGE_STRING ""
| #define PACKAGE_BUGREPORT ""
| #define MXML_VERSION "Mini-XML v2.2.2"
| /* end confdefs.h.  */
| extern "C" void std::exit (int) throw (); using std::exit;
| #include <stdlib.h>
| int
| main ()
| {
| exit (42);
|   ;
|   return 0;
| }
configure:2521: g++ -c   conftest.cc >&5
conftest.cc:10:31: error: 'void std::exit(int)' should have been declared inside 'std'
In file included from conftest.cc:11:0:
/usr/include/stdlib.h:547:70: error: declaration of 'void std::exit(int) throw ()' has a different exception specifier
conftest.cc:10:17: error: from previous declaration 'void std::exit(int)'
configure:2527: $? = 1
configure: failed program was:
| /* confdefs.h.  */
| 
| #define PACKAGE_NAME ""
| #define PACKAGE_TARNAME ""
| #define PACKAGE_VERSION ""
| #define PACKAGE_STRING ""
| #define PACKAGE_BUGREPORT ""
| #define MXML_VERSION "Mini-XML v2.2.2"
| /* end confdefs.h.  */
| extern "C" void std::exit (int); using std::exit;
| #include <stdlib.h>
| int
| main ()
| {
| exit (42);
|   ;
|   return 0;
| }
configure:2521: g++ -c   conftest.cc >&5
configure:2527: $? = 0
configure:2530: test -z 			 || test ! -s conftest.err
configure:2533: $? = 0
configure:2536: test -s conftest.o
configure:2539: $? = 0
configure:2565: g++ -c   conftest.cc >&5
configure:2571: $? = 0
configure:2574: test -z 			 || test ! -s conftest.err
configure:2577: $? = 0
configure:2580: test -s conftest.o
configure:2583: $? = 0
configure:2644: checking for a BSD-compatible install
configure:2699: result: /usr/bin/install -c
configure:2755: checking for ranlib
configure:2771: found /usr/bin/ranlib
configure:2782: result: ranlib
configure:2796: checking for ar
configure:2814: found /usr/bin/ar
configure:2826: result: /usr/bin/ar
configure:2835: checking for cp
configure:2853: found /usr/bin/cp
configure:2865: result: /usr/bin/cp
configure:2874: checking for ln
configure:2892: found /usr/bin/ln
configure:2904: result: /usr/bin/ln
configure:2913: checking for mkdir
configure:2931: found /usr/bin/mkdir
configure:2943: result: /usr/bin/mkdir
configure:2952: checking for nroff
configure:2970: found /usr/bin/nroff
configure:2982: result: /usr/bin/nroff
configure:3037: checking for rm
configure:3055: found /usr/bin/rm
configure:3067: result: /usr/bin/rm
configure:3092: checking for strdup
configure:3149: gcc -o conftest -O -Wall -O -Wall -O -Wall -O -Wall -O -Wall -O -Wall -O -Wall -O -Wall            conftest.c  >&5
conftest.c:37:6: warning: conflicting types for built-in function 'strdup' [enabled by default]
configure:3155: $? = 0
configure:3158: test -z 			 || test ! -s conftest.err
configure:3161: $? = 0
configure:3164: test -s conftest
configure:3167: $? = 0
configure:3179: result: yes
configure:3196: checking for vsnprintf
configure:3253: gcc -o conftest -O -Wall -O -Wall -O -Wall -O -Wall -O -Wall -O -Wall -O -Wall -O -Wall            conftest.c  >&5
conftest.c:38:6: warning: conflicting types for built-in function 'vsnprintf' [enabled by default]
configure:3259: $? = 0
configure:3262: test -z 			 || test ! -s conftest.err
configure:3265: $? = 0
configure:3268: test -s conftest
configure:3271: $? = 0
configure:3283: result: yes
configure:3572: creating ./config.status

## ---------------------- ##
## Running config.status. ##
## ---------------------- ##

This file was extended by config.status, which was
generated by GNU Autoconf 2.59.  Invocation command line was

  CONFIG_FILES    = 
  CONFIG_HEADERS  = 
  CONFIG_LINKS    = 
  CONFIG_COMMANDS = 
  $ ./config.status 

on alarmpi

config.status:714: creating Makefile
config.status:714: creating mxml.list
config.status:714: creating mxml.pc
config.status:780: creating config.h

## ---------------- ##
## Cache variables. ##
## ---------------- ##

ac_cv_c_compiler_gnu=yes
ac_cv_cxx_compiler_gnu=yes
ac_cv_env_CC_set=set
ac_cv_env_CC_value=gcc
ac_cv_env_CFLAGS_set=set
ac_cv_env_CFLAGS_value='-O -Wall -O -Wall -O -Wall -O -Wall -O -Wall -O -Wall -O -Wall -O -Wall         '
ac_cv_env_CPPFLAGS_set=
ac_cv_env_CPPFLAGS_value=
ac_cv_env_CXXFLAGS_set=
ac_cv_env_CXXFLAGS_value=
ac_cv_env_CXX_set=
ac_cv_env_CXX_value=
ac_cv_env_LDFLAGS_set=
ac_cv_env_LDFLAGS_value=
ac_cv_env_build_alias_set=
ac_cv_env_build_alias_value=
ac_cv_env_host_alias_set=
ac_cv_env_host_alias_value=
ac_cv_env_target_alias_set=
ac_cv_env_target_alias_value=
ac_cv_exeext=
ac_cv_func_strdup=yes
ac_cv_func_vsnprintf=yes
ac_cv_objext=o
ac_cv_path_AR=/usr/bin/ar
ac_cv_path_CP=/usr/bin/cp
ac_cv_path_LN=/usr/bin/ln
ac_cv_path_MKDIR=/usr/bin/mkdir
ac_cv_path_NROFF=/usr/bin/nroff
ac_cv_path_RM=/usr/bin/rm
ac_cv_path_install='/usr/bin/install -c'
ac_cv_prog_ac_ct_CC=gcc
ac_cv_prog_ac_ct_CXX=g++
ac_cv_prog_ac_ct_RANLIB=ranlib
ac_cv_prog_cc_g=yes
ac_cv_prog_cc_stdc=
ac_cv_prog_cxx_g=yes

## ----------------- ##
## Output variables. ##
## ----------------- ##

AR='/usr/bin/ar'
ARFLAGS='crvs'
CAT1EXT='1'
CAT3EXT='3'
CC='gcc'
CFLAGS='-Wall -O -Wall -O -Wall -O -Wall -O -Wall -O -Wall -O -Wall -O -Wall -O -Wall         '
CP='/usr/bin/cp'
CPPFLAGS=''
CXX='g++'
CXXFLAGS=''
DEFS='-DHAVE_CONFIG_H'
DSO=':'
DSOFLAGS=''
ECHO_C=''
ECHO_N='-n'
ECHO_T=''
EXEEXT=''
GROFF=''
INSTALL_DATA='${INSTALL} -m 644'
INSTALL_PROGRAM='${INSTALL}'
INSTALL_SCRIPT='${INSTALL}'
LDFLAGS=''
LIBMXML='libmxml.a'
LIBOBJS=''
LIBS=''
LN='/usr/bin/ln'
LTLIBOBJS=''
MAN1EXT='1'
MAN3EXT='3'
MKDIR='/usr/bin/mkdir'
NROFF='/usr/bin/nroff'
OBJEXT='o'
OPTIM='-O'
PACKAGE_BUGREPORT=''
PACKAGE_NAME=''
PACKAGE_STRING=''
PACKAGE_TARNAME=''
PACKAGE_VERSION=''
PATH_SEPARATOR=':'
PC_CFLAGS='-I${prefix}/include'
PC_LIBS='-L${exec_prefix}/lib -lmxml'
PICFLAG='0'
RANLIB='ranlib'
RM='/usr/bin/rm'
SHELL='/bin/sh'
VERSION='2.2.2'
ac_ct_CC='gcc'
ac_ct_CXX='g++'
ac_ct_RANLIB='ranlib'
bindir='${exec_prefix}/bin'
build_alias=''
datadir='${prefix}/share'
docdir='${prefix}/share/doc/mxml'
exec_prefix='/usr/local'
host_alias=''
includedir='${prefix}/include'
infodir='${prefix}/info'
libdir='${exec_prefix}/lib'
libexecdir='${exec_prefix}/libexec'
localstatedir='${prefix}/var'
mandir='${prefix}/man'
oldincludedir='/usr/include'
prefix='/usr/local'
program_transform_name='s,x,x,'
sbindir='${exec_prefix}/sbin'
sharedstatedir='${prefix}/com'
sysconfdir='${prefix}/etc'
target_alias=''

## ----------- ##
## confdefs.h. ##
## ----------- ##

#define HAVE_STRDUP 1
#define HAVE_VSNPRINTF 1
#define MXML_VERSION "Mini-XML v2.2.2"
#define PACKAGE_BUGREPORT ""
#define PACKAGE_NAME ""
#define PACKAGE_STRING ""
#define PACKAGE_TARNAME ""
#define PACKAGE_VERSION ""
#endif
#ifdef __cplusplus
extern "C" void exit (int) throw ();

configure: exit 0
