This file contains any messages produced by compilers while
running configure, to aid debugging if configure makes a mistake.

It was created by configure, which was
generated by GNU Autoconf 2.61.  Invocation command line was

  $ ./configure --build=i586-pc-linux

## --------- ##
## Platform. ##
## --------- ##

hostname = alarmpi
uname -m = armv6l
uname -r = 3.2.27-18-ARCH+
uname -s = Linux
uname -v = #1 PREEMPT Fri Dec 21 14:18:42 UTC 2012

/usr/bin/uname -p = unknown
/bin/uname -X     = unknown

/bin/arch              = unknown
/usr/bin/arch -k       = unknown
/usr/convex/getsysinfo = unknown
/usr/bin/hostinfo      = unknown
/bin/machine           = unknown
/usr/bin/oslevel       = unknown
/bin/universe          = unknown

PATH: /usr/local/bin
PATH: /usr/bin
PATH: /bin
PATH: /usr/local/sbin
PATH: /usr/sbin
PATH: /sbin
PATH: /usr/bin/core_perl


## ----------- ##
## Core tests. ##
## ----------- ##

configure:1791: checking for gcc
configure:1807: found /usr/bin/gcc
configure:1818: result: gcc
configure:2056: checking for C compiler version
configure:2063: gcc --version >&5
gcc (GCC) 4.7.2
Copyright (C) 2012 Free Software Foundation, Inc.
This is free software; see the source for copying conditions.  There is NO
warranty; not even for MERCHANTABILITY or FITNESS FOR A PARTICULAR PURPOSE.

configure:2066: $? = 0
configure:2073: gcc -v >&5
Using built-in specs.
COLLECT_GCC=gcc
COLLECT_LTO_WRAPPER=/usr/lib/gcc/armv6l-unknown-linux-gnueabihf/4.7.2/lto-wrapper
Target: armv6l-unknown-linux-gnueabihf
Configured with: /build/src/gcc-4.7.2/configure --prefix=/usr --libdir=/usr/lib --libexecdir=/usr/lib --mandir=/usr/share/man --infodir=/usr/share/info --with-bugurl=https://bugs.archlinux.org/ --enable-languages=c,c++,fortran,lto,objc,obj-c++ --enable-shared --enable-threads=posix --with-system-zlib --enable-__cxa_atexit --disable-libunwind-exceptions --enable-clocale=gnu --disable-libstdcxx-pch --enable-libstdcxx-time --enable-gnu-unique-object --enable-linker-build-id --with-ppl --enable-cloog-backend=isl --disable-ppl-version-check --disable-cloog-version-check --enable-lto --enable-gold --enable-ld=default --enable-plugin --with-plugin-ld=ld.gold --with-linker-hash-style=gnu --disable-multilib --disable-libssp --disable-build-with-cxx --disable-build-poststage1-with-cxx --enable-checking=release --host=armv6l-unknown-linux-gnueabihf --build=armv6l-unknown-linux-gnueabihf --with-arch=armv6 --with-float=hard --with-fpu=vfp
Thread model: posix
gcc version 4.7.2 (GCC) 
configure:2076: $? = 0
configure:2083: gcc -V >&5
gcc: error: unrecognized command line option '-V'
gcc: fatal error: no input files
compilation terminated.
configure:2086: $? = 1
configure:2109: checking for C compiler default output file name
configure:2136: gcc    conftest.c  >&5
configure:2139: $? = 0
configure:2177: result: a.out
configure:2194: checking whether the C compiler works
configure:2204: ./a.out
configure:2207: $? = 0
configure:2224: result: yes
configure:2231: checking whether we are cross compiling
configure:2233: result: no
configure:2236: checking for suffix of executables
configure:2243: gcc -o conftest    conftest.c  >&5
configure:2246: $? = 0
configure:2270: result: 
configure:2276: checking for suffix of object files
configure:2302: gcc -c   conftest.c >&5
configure:2305: $? = 0
configure:2328: result: o
configure:2332: checking whether we are using the GNU C compiler
configure:2361: gcc -c   conftest.c >&5
configure:2367: $? = 0
configure:2384: result: yes
configure:2389: checking whether gcc accepts -g
configure:2419: gcc -c -g  conftest.c >&5
configure:2425: $? = 0
configure:2524: result: yes
configure:2541: checking for gcc option to accept ISO C89
configure:2615: gcc  -c -g -O2  conftest.c >&5
configure:2621: $? = 0
configure:2644: result: none needed
configure:2667: checking how to run the C preprocessor
configure:2707: gcc -E  conftest.c
configure:2713: $? = 0
configure:2744: gcc -E  conftest.c
conftest.c:9:28: fatal error: ac_nonexistent.h: No such file or directory
compilation terminated.
configure:2750: $? = 1
configure: failed program was:
| /* confdefs.h.  */
| #define PACKAGE_NAME ""
| #define PACKAGE_TARNAME ""
| #define PACKAGE_VERSION ""
| #define PACKAGE_STRING ""
| #define PACKAGE_BUGREPORT ""
| #define _GNU_SOURCE 1
| /* end confdefs.h.  */
| #include <ac_nonexistent.h>
configure:2783: result: gcc -E
configure:2812: gcc -E  conftest.c
configure:2818: $? = 0
configure:2849: gcc -E  conftest.c
conftest.c:9:28: fatal error: ac_nonexistent.h: No such file or directory
compilation terminated.
configure:2855: $? = 1
configure: failed program was:
| /* confdefs.h.  */
| #define PACKAGE_NAME ""
| #define PACKAGE_TARNAME ""
| #define PACKAGE_VERSION ""
| #define PACKAGE_STRING ""
| #define PACKAGE_BUGREPORT ""
| #define _GNU_SOURCE 1
| /* end confdefs.h.  */
| #include <ac_nonexistent.h>
configure:2936: checking for a BSD-compatible install
configure:2992: result: /usr/bin/install -c
configure:3003: checking whether ln -s works
configure:3007: result: yes
configure:3014: checking for GNU make
configure:3029: result: make
configure:3055: gcc -c -g -O2  conftest.c >&5
configure:3061: $? = 0
configure:3087: checking for grep
configure:3105: found /usr/bin/grep
configure:3118: result: /usr/bin/grep
configure:3128: checking for sh
configure:3159: result: /bin/sh
configure:3169: checking for ln
configure:3187: found /usr/bin/ln
configure:3200: result: /usr/bin/ln
configure:3211: checking for wget
configure:3229: found /usr/bin/wget
configure:3242: result: /usr/bin/wget
configure:3306: checking for grep that handles long lines and -e
configure:3380: result: /usr/bin/grep
configure:3385: checking for egrep
configure:3463: result: /usr/bin/grep -E
configure:3468: checking for ANSI C header files
configure:3498: gcc -c -g -O2  conftest.c >&5
configure:3504: $? = 0
configure:3603: gcc -o conftest -g -O2   conftest.c  >&5
configure:3606: $? = 0
configure:3612: ./conftest
configure:3615: $? = 0
configure:3632: result: yes
configure:3656: checking for sys/types.h
configure:3677: gcc -c -g -O2  conftest.c >&5
configure:3683: $? = 0
configure:3699: result: yes
configure:3656: checking for sys/stat.h
configure:3677: gcc -c -g -O2  conftest.c >&5
configure:3683: $? = 0
configure:3699: result: yes
configure:3656: checking for stdlib.h
configure:3677: gcc -c -g -O2  conftest.c >&5
configure:3683: $? = 0
configure:3699: result: yes
configure:3656: checking for string.h
configure:3677: gcc -c -g -O2  conftest.c >&5
configure:3683: $? = 0
configure:3699: result: yes
configure:3656: checking for memory.h
configure:3677: gcc -c -g -O2  conftest.c >&5
configure:3683: $? = 0
configure:3699: result: yes
configure:3656: checking for strings.h
configure:3677: gcc -c -g -O2  conftest.c >&5
configure:3683: $? = 0
configure:3699: result: yes
configure:3656: checking for inttypes.h
configure:3677: gcc -c -g -O2  conftest.c >&5
configure:3683: $? = 0
configure:3699: result: yes
configure:3656: checking for stdint.h
configure:3677: gcc -c -g -O2  conftest.c >&5
configure:3683: $? = 0
configure:3699: result: yes
configure:3656: checking for unistd.h
configure:3677: gcc -c -g -O2  conftest.c >&5
configure:3683: $? = 0
configure:3699: result: yes

## ---------------- ##
## Cache variables. ##
## ---------------- ##

ac_cv_c_compiler_gnu=yes
ac_cv_env_CC_set=
ac_cv_env_CC_value=
ac_cv_env_CFLAGS_set=
ac_cv_env_CFLAGS_value=
ac_cv_env_CPPFLAGS_set=
ac_cv_env_CPPFLAGS_value=
ac_cv_env_CPP_set=
ac_cv_env_CPP_value=
ac_cv_env_LDFLAGS_set=
ac_cv_env_LDFLAGS_value=
ac_cv_env_LIBS_set=
ac_cv_env_LIBS_value=
ac_cv_env_build_alias_set=set
ac_cv_env_build_alias_value=i586-pc-linux
ac_cv_env_host_alias_set=
ac_cv_env_host_alias_value=
ac_cv_env_target_alias_set=
ac_cv_env_target_alias_value=
ac_cv_header_inttypes_h=yes
ac_cv_header_memory_h=yes
ac_cv_header_stdc=yes
ac_cv_header_stdint_h=yes
ac_cv_header_stdlib_h=yes
ac_cv_header_string_h=yes
ac_cv_header_strings_h=yes
ac_cv_header_sys_stat_h=yes
ac_cv_header_sys_types_h=yes
ac_cv_header_unistd_h=yes
ac_cv_objext=o
ac_cv_path_EGREP='/usr/bin/grep -E'
ac_cv_path_GREP=/usr/bin/grep
ac_cv_path_LN=/usr/bin/ln
ac_cv_path_SHELL=/bin/sh
ac_cv_path_WGET=/usr/bin/wget
ac_cv_path_install='/usr/bin/install -c'
ac_cv_prog_CPP='gcc -E'
ac_cv_prog_ac_ct_CC=gcc
ac_cv_prog_cc_c89=
ac_cv_prog_cc_g=yes

## ----------------- ##
## Output variables. ##
## ----------------- ##

ASCIIDOC=''
BDFARCH='arm'
BDFNAME='elf32-littlearm'
CC='gcc'
CFLAGS='-g -O2'
CPP='gcc -E'
CPPFLAGS=''
CURSES_INCLUDE=''
CURSES_LIB=''
DEFS=''
DOWNLOAD='/usr/bin/wget'
ECHO_C=''
ECHO_N='-n'
ECHO_T=''
EGREP='/usr/bin/grep -E'
EXEEXT=''
FETCH=''
GNU_MAKE='make'
GREP='/usr/bin/grep'
HOSTCC='gcc'
INSTALL_DATA='${INSTALL} -m 644'
INSTALL_PROGRAM='${INSTALL}'
INSTALL_SCRIPT='${INSTALL}'
LDFLAGS=''
LIBOBJS=''
LIBS=''
LN='/usr/bin/ln'
LN_S='ln -s'
LTLIBOBJS=''
NCURSES_INCLUDE=''
NCURSES_LIB=''
NEWT_INCLUDE=''
NEWT_LIB=''
OBJEXT='o'
PACKAGE_BUGREPORT=''
PACKAGE_NAME=''
PACKAGE_STRING=''
PACKAGE_TARNAME=''
PACKAGE_VERSION=''
PATH_SEPARATOR=':'
PBX_LIBCURSES=''
PBX_LIBNCURSES=''
PBX_LIBNEWT=''
PBX_LIBUSB=''
PPPD_VERSION=''
SHELL='/bin/sh'
USB_INCLUDE=''
USB_LIB=''
USE_SELINUX=''
WGET='/usr/bin/wget'
ac_ct_CC='gcc'
bindir='${exec_prefix}/bin'
build_alias='i586-pc-linux'
datadir='${datarootdir}'
datarootdir='${prefix}/share'
docdir='${datarootdir}/doc/${PACKAGE}'
dvidir='${docdir}'
exec_prefix='NONE'
host_alias=''
htmldir='${docdir}'
includedir='${prefix}/include'
infodir='${datarootdir}/info'
libdir='${exec_prefix}/lib'
libexecdir='${exec_prefix}/libexec'
localedir='${datarootdir}/locale'
localstatedir='/var'
mandir='${datarootdir}/man'
oldincludedir='/usr/include'
pdfdir='${docdir}'
prefix='NONE'
program_transform_name='s,x,x,'
psdir='${docdir}'
sbindir='${exec_prefix}/sbin'
sharedstatedir='${prefix}/com'
sysconfdir='/etc'
target_alias=''

## ----------- ##
## confdefs.h. ##
## ----------- ##

#define PACKAGE_NAME ""
#define PACKAGE_TARNAME ""
#define PACKAGE_VERSION ""
#define PACKAGE_STRING ""
#define PACKAGE_BUGREPORT ""
#define _GNU_SOURCE 1
#define STDC_HEADERS 1
#define HAVE_SYS_TYPES_H 1
#define HAVE_SYS_STAT_H 1
#define HAVE_STDLIB_H 1
#define HAVE_STRING_H 1
#define HAVE_MEMORY_H 1
#define HAVE_STRINGS_H 1
#define HAVE_INTTYPES_H 1
#define HAVE_STDINT_H 1

configure: caught signal 2
configure: exit 1
